<?xml version="1.0" encoding="UTF-8"?>
<!-- Generated by org.testng.reporters.JUnitReportReporter -->
<testsuite skipped="0" hostname="LAPTOP-DQF9G57H" name="exceloperations.newr" tests="1" failures="0" timestamp="2021-10-11T22:43:41 IST" time="0.011" errors="0">
  <testcase name="show" time="0.011" classname="exceloperations.newr"/>
  <system-out/>
</testsuite> <!-- exceloperations.newr -->
