<?xml version="1.0" encoding="UTF-8"?>
<!-- Generated by org.testng.reporters.JUnitReportReporter -->
<testsuite skipped="0" hostname="LAPTOP-DQF9G57H" name="maven.testcases.log4j" tests="1" failures="0" timestamp="2021-10-12T10:22:16 IST" time="2.439" errors="0">
  <testcase name="show" time="2.439" classname="maven.testcases.log4j"/>
  <system-out/>
</testsuite> <!-- maven.testcases.log4j -->
