<?xml version="1.0" encoding="UTF-8"?>
<!-- Generated by org.testng.reporters.JUnitReportReporter -->
<testsuite skipped="0" hostname="LAPTOP-DQF9G57H" name="mavendemo1.excel" tests="3" failures="0" timestamp="2021-10-13T17:05:00 IST" time="10.273" errors="0">
  <testcase name="show" time="4.162" classname="mavendemo1.excel"/>
  <system-out/>
  <testcase name="show" time="3.555" classname="mavendemo1.excel"/>
  <system-out/>
  <testcase name="show" time="2.556" classname="mavendemo1.excel"/>
  <system-out/>
</testsuite> <!-- mavendemo1.excel -->
